#
# A fatal error has been detected by the Java Runtime Environment:
#
#  SIGSEGV (0xb) at pc=0xb6d7fb4e, pid=3979, tid=2208668480
#
# JRE version: 7.0_21-b11
# Java VM: Java HotSpot(TM) Server VM (23.21-b01 mixed mode linux-x86 )
# Problematic frame:
# V  [libjvm.so+0x48ab4e]  JNIHandles::checked_resolve_jmethod_id(_jmethodID*)+0xe
#
# Failed to write core dump. Core dumps have been disabled. To enable core dumping, try "ulimit -c unlimited" before starting Java again
#
# If you would like to submit a bug report, please visit:
#   http://bugreport.sun.com/bugreport/crash.jsp
#

---------------  T H R E A D  ---------------

Current thread (0x8387b800):  JavaThread "JDWP Transport Listener: dt_socket" daemon [_thread_in_vm, id=3993, stack(0x83a09000,0x83a5a000)]

siginfo:si_signo=SIGSEGV: si_errno=0, si_code=1 (SEGV_MAPERR), si_addr=0x00000020

Registers:
EAX=0x00000020, EBX=0xb70edcac, ECX=0x00000000, EDX=0xb67038d8
ESP=0x83a58cf0, EBP=0x83a58cf8, ESI=0x83a58d1c, EDI=0x00000020
EIP=0xb6d7fb4e, EFLAGS=0x00210202, CR2=0x00000020

Top of Stack: (sp=0x83a58cf0)
0x83a58cf0:   83a58d1c 83a58d1c 83a58d38 b6d71734
0x83a58d00:   00000020 8387b800 8387b800 8387b800
0x83a58d10:   8383f73c 8387b800 00000063 8387b800
0x83a58d20:   00000000 00000000 00000000 b684a16c
0x83a58d30:   b684aac0 83a58d9b 83a58d58 b683b0a8
0x83a58d40:   b67038d8 00000020 83a58d9b b684a16c
0x83a58d50:   00000020 00000006 83a58da8 b68196ea
0x83a58d60:   00000020 83a58d9b 83a58d88 83a58d84 

Instructions: (pc=0xb6d7fb4e)
0xb6d7fb2e:   10 e9 3c ff ff ff 90 90 90 90 90 90 90 90 90 90
0xb6d7fb3e:   90 90 55 89 e5 56 83 ec 04 8b 45 08 85 c0 74 2a
0xb6d7fb4e:   8b 30 85 f6 74 24 81 fe fe fe fe fe 74 1c 8b 46
0xb6d7fb5e:   04 83 ec 0c 8d 50 08 8b 40 08 52 ff 90 90 00 00 

Register to memory mapping:

EAX=0x00000020 is an unknown value
EBX=0xb70edcac: <offset 0x7f8cac> in /usr/lib/jvm/java-7-oracle/jre/lib/i386/server/libjvm.so at 0xb68f5000
ECX=0x00000000 is an unknown value
EDX=0xb67038d8 is an unknown value
ESP=0x83a58cf0 is pointing into the stack for thread: 0x8387b800
EBP=0x83a58cf8 is pointing into the stack for thread: 0x8387b800
ESI=0x83a58d1c is pointing into the stack for thread: 0x8387b800
EDI=0x00000020 is an unknown value


Stack: [0x83a09000,0x83a5a000],  sp=0x83a58cf0,  free space=319k
Native frames: (J=compiled Java code, j=interpreted, Vv=VM code, C=native code)
V  [libjvm.so+0x48ab4e]  JNIHandles::checked_resolve_jmethod_id(_jmethodID*)+0xe
V  [libjvm.so+0x47c734]  jvmti_IsMethodSynthetic+0x224
C  [libjdwp.so+0x280a8]  isMethodSynthetic+0x48
C  [libjdwp.so+0x66ea]  methods1+0x1ba
C  [libjdwp.so+0x12723]  debugLoop_run+0x303
C  [libjdwp.so+0x26e6f]  connectionInitiated+0xbf
C  [libjdwp.so+0x26eb0]  attachThread+0x30
V  [libjvm.so+0x4d84cc]  JvmtiAgentThread::call_start_function()+0x9c
V  [libjvm.so+0x6e4944]  JavaThread::thread_main_inner()+0xf4
V  [libjvm.so+0x6e4ad1]  JavaThread::run()+0x161
V  [libjvm.so+0x5e1091]  java_start(Thread*)+0x111
C  [libpthread.so.0+0x6d4c]  start_thread+0xcc


---------------  P R O C E S S  ---------------

Java Threads: ( => current thread )
  0x8388c400 JavaThread "Service Thread" daemon [_thread_blocked, id=4001, stack(0x81278000,0x812c9000)]
  0x83881c00 JavaThread "C2 CompilerThread1" daemon [_thread_blocked, id=4000, stack(0x812c9000,0x8134a000)]
  0x8387fc00 JavaThread "C2 CompilerThread0" daemon [_thread_blocked, id=3999, stack(0x8134a000,0x813cb000)]
  0x08e3e800 JavaThread "JDWP Command Reader" daemon [_thread_in_native, id=3997, stack(0x813cb000,0x8141c000)]
  0x8387e000 JavaThread "JDWP Event Helper Thread" daemon [_thread_blocked, id=3996, stack(0x8141c000,0x8146d000)]
=>0x8387b800 JavaThread "JDWP Transport Listener: dt_socket" daemon [_thread_in_vm, id=3993, stack(0x83a09000,0x83a5a000)]
  0x83872c00 JavaThread "Signal Dispatcher" daemon [_thread_blocked, id=3991, stack(0x8146d000,0x814be000)]
  0x83838400 JavaThread "Finalizer" daemon [_thread_blocked, id=3990, stack(0x814be000,0x8150f000)]
  0x83836800 JavaThread "Reference Handler" daemon [_thread_blocked, id=3989, stack(0x8150f000,0x81560000)]
  0xb6708400 JavaThread "main" [_thread_blocked, id=3985, stack(0xb6878000,0xb68c9000)]

Other Threads:
  0x83831000 VMThread [stack: 0x81560000,0x815e1000] [id=3988]
  0x8388e000 WatcherThread [stack: 0x811f7000,0x81278000] [id=4002]

VM state:not at safepoint (normal execution)

VM Mutex/Monitor currently owned by a thread: None

Heap
 PSYoungGen      total 12992K, used 672K [0xa4c90000, 0xa5b00000, 0xb33e0000)
  eden space 11200K, 6% used [0xa4c90000,0xa4d380c8,0xa5780000)
  from space 1792K, 0% used [0xa5940000,0xa5940000,0xa5b00000)
  to   space 1792K, 0% used [0xa5780000,0xa5780000,0xa5940000)
 ParOldGen       total 29632K, used 0K [0x87de0000, 0x89ad0000, 0xa4c90000)
  object space 29632K, 0% used [0x87de0000,0x87de0000,0x89ad0000)
 PSPermGen       total 16384K, used 1640K [0x83de0000, 0x84de0000, 0x87de0000)
  object space 16384K, 10% used [0x83de0000,0x83f7a048,0x84de0000)

Card table byte_map: [0x83c64000,0x83de0000] byte_map_base: 0x83845100

Polling page: 0xb770d000

Code Cache  [0xb34a2000, 0xb36e2000, 0xb64a2000)
 total_blobs=87 nmethods=0 adapters=63 free_code_cache=48866Kb largest_free_block=50039168

Compilation events (0 events):
No events

GC Heap History (0 events):
No events

Deoptimization events (0 events):
No events

Internal exceptions (6 events):
Event: 0.027 Thread 0xb6708400 Threw 0xa4c96058 at /HUDSON/workspace/jdk7u21-2-build-linux-i586-product/jdk7u21/hotspot/src/share/vm/prims/jni.cpp:3994
Event: 0.139 Thread 0xb6708400 Threw 0xa4cdf2f8 at /HUDSON/workspace/jdk7u21-2-build-linux-i586-product/jdk7u21/hotspot/src/share/vm/prims/jvm.cpp:1166
Event: 0.160 Thread 0xb6708400 Threw 0xa4ce6de8 at /HUDSON/workspace/jdk7u21-2-build-linux-i586-product/jdk7u21/hotspot/src/share/vm/prims/jvm.cpp:1166
Event: 0.160 Thread 0xb6708400 Threw 0xa4ce8f98 at /HUDSON/workspace/jdk7u21-2-build-linux-i586-product/jdk7u21/hotspot/src/share/vm/prims/jvm.cpp:1166
Event: 0.161 Thread 0xb6708400 Threw 0xa4cec340 at /HUDSON/workspace/jdk7u21-2-build-linux-i586-product/jdk7u21/hotspot/src/share/vm/prims/jvm.cpp:1166
Event: 0.161 Thread 0xb6708400 Threw 0xa4cedb40 at /HUDSON/workspace/jdk7u21-2-build-linux-i586-product/jdk7u21/hotspot/src/share/vm/prims/jvm.cpp:1166

Events (10 events):
Event: 160.184 Executing VM operation: GetCurrentLocation
Event: 160.184 Executing VM operation: GetCurrentLocation done
Event: 160.184 Executing VM operation: EnterInterpOnlyMode
Event: 160.184 Executing VM operation: EnterInterpOnlyMode done
Event: 160.184 Executing VM operation: ChangeSingleStep
Event: 160.184 Executing VM operation: ChangeSingleStep done
Event: 160.184 Executing VM operation: ChangeSingleStep
Event: 160.185 Executing VM operation: ChangeSingleStep done
Event: 160.188 Executing VM operation: RedefineClasses
Event: 160.188 Executing VM operation: RedefineClasses done


Dynamic libraries:
08048000-08049000 r-xp 00000000 08:05 1839689    /usr/lib/jvm/java-7-oracle/bin/java
08049000-0804a000 rw-p 00000000 08:05 1839689    /usr/lib/jvm/java-7-oracle/bin/java
08e3d000-08e5e000 rw-p 00000000 00:00 0          [heap]
81023000-811f7000 rw-p 00000000 00:00 0 
811f7000-811f8000 ---p 00000000 00:00 0 
811f8000-81278000 rw-p 00000000 00:00 0          [stack:4002]
81278000-8127b000 ---p 00000000 00:00 0 
8127b000-812c9000 rw-p 00000000 00:00 0          [stack:4001]
812c9000-812cc000 ---p 00000000 00:00 0 
812cc000-8134a000 rw-p 00000000 00:00 0          [stack:4000]
8134a000-8134d000 ---p 00000000 00:00 0 
8134d000-813cb000 rw-p 00000000 00:00 0          [stack:3999]
813cb000-813ce000 ---p 00000000 00:00 0 
813ce000-8141c000 rw-p 00000000 00:00 0          [stack:3997]
8141c000-8141f000 ---p 00000000 00:00 0 
8141f000-8146d000 rw-p 00000000 00:00 0          [stack:3996]
8146d000-81470000 ---p 00000000 00:00 0 
81470000-814be000 rw-p 00000000 00:00 0          [stack:3991]
814be000-814c1000 ---p 00000000 00:00 0 
814c1000-8150f000 rw-p 00000000 00:00 0          [stack:3990]
8150f000-81512000 ---p 00000000 00:00 0 
81512000-81560000 rw-p 00000000 00:00 0          [stack:3989]
81560000-81561000 ---p 00000000 00:00 0 
81561000-8162c000 rw-p 00000000 00:00 0          [stack:3988]
8162c000-817e9000 r--s 039de000 08:05 1850227    /usr/lib/jvm/java-7-oracle/jre/lib/rt.jar
817e9000-83700000 rw-p 00000000 00:00 0 
83700000-83721000 rw-p 00000000 00:00 0 
83721000-83800000 ---p 00000000 00:00 0 
83800000-838a5000 rw-p 00000000 00:00 0 
838a5000-83900000 ---p 00000000 00:00 0 
83900000-83921000 rw-p 00000000 00:00 0 
83921000-83a00000 ---p 00000000 00:00 0 
83a09000-83a0c000 ---p 00000000 00:00 0 
83a0c000-83a5a000 rw-p 00000000 00:00 0          [stack:3993]
83a5a000-83a5b000 ---p 00000000 00:00 0 
83a5b000-83adb000 rw-p 00000000 00:00 0          [stack:3987]
83adb000-83adc000 ---p 00000000 00:00 0 
83adc000-83b64000 rw-p 00000000 00:00 0          [stack:3986]
83b64000-83b7c000 rw-p 00000000 00:00 0 
83b7c000-83b8b000 rw-p 00000000 00:00 0 
83b8b000-83c64000 rw-p 00000000 00:00 0 
83c64000-83c6c000 rw-p 00000000 00:00 0 
83c6c000-83c84000 rw-p 00000000 00:00 0 
83c84000-83c93000 rw-p 00000000 00:00 0 
83c93000-83d6b000 rw-p 00000000 00:00 0 
83d6b000-83d73000 rw-p 00000000 00:00 0 
83d73000-83ddf000 rw-p 00000000 00:00 0 
83ddf000-84de0000 rw-p 00000000 00:00 0 
84de0000-87de0000 rw-p 00000000 00:00 0 
87de0000-89ad0000 rw-p 00000000 00:00 0 
89ad0000-a4c90000 rw-p 00000000 00:00 0 
a4c90000-a5b00000 rw-p 00000000 00:00 0 
a5b00000-b33e0000 rw-p 00000000 00:00 0 
b33e2000-b33eb000 rw-p 00000000 00:00 0 
b33eb000-b34a2000 rw-p 00000000 00:00 0 
b34a2000-b36e2000 rwxp 00000000 00:00 0 
b36e2000-b64a2000 rw-p 00000000 00:00 0 
b64a2000-b64b9000 r-xp 00000000 08:05 1850028    /usr/lib/jvm/java-7-oracle/jre/lib/i386/libzip.so
b64b9000-b64ba000 rw-p 00017000 08:05 1850028    /usr/lib/jvm/java-7-oracle/jre/lib/i386/libzip.so
b64ba000-b64c5000 r-xp 00000000 08:05 1049334    /lib/i386-linux-gnu/libnss_files-2.15.so
b64c5000-b64c6000 r--p 0000a000 08:05 1049334    /lib/i386-linux-gnu/libnss_files-2.15.so
b64c6000-b64c7000 rw-p 0000b000 08:05 1049334    /lib/i386-linux-gnu/libnss_files-2.15.so
b64c7000-b64dd000 r-xp 00000000 08:05 1049328    /lib/i386-linux-gnu/libnsl-2.15.so
b64dd000-b64de000 r--p 00015000 08:05 1049328    /lib/i386-linux-gnu/libnsl-2.15.so
b64de000-b64df000 rw-p 00016000 08:05 1049328    /lib/i386-linux-gnu/libnsl-2.15.so
b64df000-b64e1000 rw-p 00000000 00:00 0 
b64e1000-b64e8000 r-xp 00000000 08:05 1049330    /lib/i386-linux-gnu/libnss_compat-2.15.so
b64e8000-b64e9000 r--p 00006000 08:05 1049330    /lib/i386-linux-gnu/libnss_compat-2.15.so
b64e9000-b64ea000 rw-p 00007000 08:05 1049330    /lib/i386-linux-gnu/libnss_compat-2.15.so
b64f8000-b6500000 rw-s 00000000 08:05 2247898    /tmp/hsperfdata_unl/3979
b6500000-b6700000 r--p 00000000 08:05 1843289    /usr/lib/locale/locale-archive
b6700000-b67f9000 rw-p 00000000 00:00 0 
b67f9000-b6800000 ---p 00000000 00:00 0 
b6804000-b6807000 rw-p 00000000 00:00 0 
b6807000-b6811000 r-xp 00000000 08:05 1049338    /lib/i386-linux-gnu/libnss_nis-2.15.so
b6811000-b6812000 r--p 00009000 08:05 1049338    /lib/i386-linux-gnu/libnss_nis-2.15.so
b6812000-b6813000 rw-p 0000a000 08:05 1049338    /lib/i386-linux-gnu/libnss_nis-2.15.so
b6813000-b684a000 r-xp 00000000 08:05 1850019    /usr/lib/jvm/java-7-oracle/jre/lib/i386/libjdwp.so
b684a000-b684b000 rw-p 00037000 08:05 1850019    /usr/lib/jvm/java-7-oracle/jre/lib/i386/libjdwp.so
b684b000-b686e000 r-xp 00000000 08:05 1850040    /usr/lib/jvm/java-7-oracle/jre/lib/i386/libjava.so
b686e000-b686f000 rw-p 00023000 08:05 1850040    /usr/lib/jvm/java-7-oracle/jre/lib/i386/libjava.so
b686f000-b6876000 r-xp 00000000 08:05 1049373    /lib/i386-linux-gnu/librt-2.15.so
b6876000-b6877000 r--p 00006000 08:05 1049373    /lib/i386-linux-gnu/librt-2.15.so
b6877000-b6878000 rw-p 00007000 08:05 1049373    /lib/i386-linux-gnu/librt-2.15.so
b6878000-b687b000 ---p 00000000 00:00 0 
b687b000-b68c9000 rw-p 00000000 00:00 0          [stack:3985]
b68c9000-b68f3000 r-xp 00000000 08:05 1049311    /lib/i386-linux-gnu/libm-2.15.so
b68f3000-b68f4000 r--p 00029000 08:05 1049311    /lib/i386-linux-gnu/libm-2.15.so
b68f4000-b68f5000 rw-p 0002a000 08:05 1049311    /lib/i386-linux-gnu/libm-2.15.so
b68f5000-b70b0000 r-xp 00000000 08:05 1850016    /usr/lib/jvm/java-7-oracle/jre/lib/i386/server/libjvm.so
b70b0000-b7102000 rw-p 007bb000 08:05 1850016    /usr/lib/jvm/java-7-oracle/jre/lib/i386/server/libjvm.so
b7102000-b7525000 rw-p 00000000 00:00 0 
b7525000-b76c8000 r-xp 00000000 08:05 1049269    /lib/i386-linux-gnu/libc-2.15.so
b76c8000-b76c9000 ---p 001a3000 08:05 1049269    /lib/i386-linux-gnu/libc-2.15.so
b76c9000-b76cb000 r--p 001a3000 08:05 1049269    /lib/i386-linux-gnu/libc-2.15.so
b76cb000-b76cc000 rw-p 001a5000 08:05 1049269    /lib/i386-linux-gnu/libc-2.15.so
b76cc000-b76cf000 rw-p 00000000 00:00 0 
b76cf000-b76d2000 r-xp 00000000 08:05 1049284    /lib/i386-linux-gnu/libdl-2.15.so
b76d2000-b76d3000 r--p 00002000 08:05 1049284    /lib/i386-linux-gnu/libdl-2.15.so
b76d3000-b76d4000 rw-p 00003000 08:05 1049284    /lib/i386-linux-gnu/libdl-2.15.so
b76d4000-b76e7000 r-xp 00000000 08:05 1850051    /usr/lib/jvm/java-7-oracle/jre/lib/i386/jli/libjli.so
b76e7000-b76e8000 rw-p 00012000 08:05 1850051    /usr/lib/jvm/java-7-oracle/jre/lib/i386/jli/libjli.so
b76e8000-b76e9000 rw-p 00000000 00:00 0 
b76e9000-b7700000 r-xp 00000000 08:05 1049365    /lib/i386-linux-gnu/libpthread-2.15.so
b7700000-b7701000 r--p 00016000 08:05 1049365    /lib/i386-linux-gnu/libpthread-2.15.so
b7701000-b7702000 rw-p 00017000 08:05 1049365    /lib/i386-linux-gnu/libpthread-2.15.so
b7702000-b7704000 rw-p 00000000 00:00 0 
b7704000-b7707000 r-xp 00000000 08:05 1850027    /usr/lib/jvm/java-7-oracle/jre/lib/i386/libdt_socket.so
b7707000-b7708000 rw-p 00003000 08:05 1850027    /usr/lib/jvm/java-7-oracle/jre/lib/i386/libdt_socket.so
b7708000-b7709000 r--p 005e0000 08:05 1843289    /usr/lib/locale/locale-archive
b7709000-b770b000 r-xp 00000000 08:05 1849990    /usr/lib/jvm/java-7-oracle/jre/lib/i386/libnpt.so
b770b000-b770c000 rw-p 00002000 08:05 1849990    /usr/lib/jvm/java-7-oracle/jre/lib/i386/libnpt.so
b770c000-b770d000 rw-p 00000000 00:00 0 
b770d000-b770e000 r--p 00000000 00:00 0 
b770e000-b7719000 r-xp 00000000 08:05 1850036    /usr/lib/jvm/java-7-oracle/jre/lib/i386/libverify.so
b7719000-b771a000 rw-p 0000b000 08:05 1850036    /usr/lib/jvm/java-7-oracle/jre/lib/i386/libverify.so
b771a000-b771c000 rw-p 00000000 00:00 0 
b771c000-b771d000 r-xp 00000000 00:00 0          [vdso]
b771d000-b773d000 r-xp 00000000 08:05 1049247    /lib/i386-linux-gnu/ld-2.15.so
b773d000-b773e000 r--p 0001f000 08:05 1049247    /lib/i386-linux-gnu/ld-2.15.so
b773e000-b773f000 rw-p 00020000 08:05 1049247    /lib/i386-linux-gnu/ld-2.15.so
bfd1d000-bfd3e000 rw-p 00000000 00:00 0          [stack]

VM Arguments:
jvm_args: -agentlib:jdwp=transport=dt_socket,suspend=y,address=localhost:54023 -Dfile.encoding=UTF-8 
java_command: syntaxParseTools.InputParser /home/unl/Desktop/parse_output.txt
Launcher Type: SUN_STANDARD

Environment Variables:
PATH=/usr/local/sbin:/usr/local/bin:/usr/sbin:/usr/bin:/sbin:/bin:/usr/games:/usr/local/games
USERNAME=unl
LD_LIBRARY_PATH=/usr/lib/jvm/java-7-oracle/jre/lib/i386/server:/usr/lib/jvm/java-7-oracle/jre/lib/i386:/usr/lib/jvm/java-7-oracle/jre/../lib/i386:/usr/lib/jvm/java-7-oracle/jre/lib/i386/client:/usr/lib/jvm/java-7-oracle/jre/lib/i386:
SHELL=/bin/bash
DISPLAY=:0.0

Signal Handlers:
SIGSEGV: [libjvm.so+0x722ea0], sa_mask[0]=0x7ffbfeff, sa_flags=0x10000004
SIGBUS: [libjvm.so+0x722ea0], sa_mask[0]=0x7ffbfeff, sa_flags=0x10000004
SIGFPE: [libjvm.so+0x5dbc80], sa_mask[0]=0x7ffbfeff, sa_flags=0x10000004
SIGPIPE: [libjvm.so+0x5dbc80], sa_mask[0]=0x7ffbfeff, sa_flags=0x10000004
SIGXFSZ: [libjvm.so+0x5dbc80], sa_mask[0]=0x7ffbfeff, sa_flags=0x10000004
SIGILL: [libjvm.so+0x5dbc80], sa_mask[0]=0x7ffbfeff, sa_flags=0x10000004
SIGUSR1: SIG_DFL, sa_mask[0]=0x00000000, sa_flags=0x00000000
SIGUSR2: [libjvm.so+0x5db560], sa_mask[0]=0x00000004, sa_flags=0x10000004
SIGHUP: [libjvm.so+0x5ddb50], sa_mask[0]=0x7ffbfeff, sa_flags=0x10000004
SIGINT: [libjvm.so+0x5ddb50], sa_mask[0]=0x7ffbfeff, sa_flags=0x10000004
SIGTERM: [libjvm.so+0x5ddb50], sa_mask[0]=0x7ffbfeff, sa_flags=0x10000004
SIGQUIT: [libjvm.so+0x5ddb50], sa_mask[0]=0x7ffbfeff, sa_flags=0x10000004


---------------  S Y S T E M  ---------------

OS:wheezy/sid

uname:Linux 3.5.0-17-generic #28-Ubuntu SMP Tue Oct 9 19:32:08 UTC 2012 i686
libc:glibc 2.15 NPTL 2.15 
rlimit: STACK 8192k, CORE 0k, NPROC 22067, NOFILE 4096, AS infinity
load average:0.24 0.38 0.38

/proc/meminfo:
MemTotal:        2840160 kB
MemFree:         1145736 kB
Buffers:           81432 kB
Cached:           685260 kB
SwapCached:            0 kB
Active:          1119072 kB
Inactive:         509432 kB
Active(anon):     862632 kB
Inactive(anon):     2236 kB
Active(file):     256440 kB
Inactive(file):   507196 kB
Unevictable:           0 kB
Mlocked:               0 kB
HighTotal:       1966308 kB
HighFree:         403784 kB
LowTotal:         873852 kB
LowFree:          741952 kB
SwapTotal:       1791996 kB
SwapFree:        1791996 kB
Dirty:                28 kB
Writeback:             0 kB
AnonPages:        861876 kB
Mapped:           119288 kB
Shmem:              3044 kB
Slab:              34548 kB
SReclaimable:      22384 kB
SUnreclaim:        12164 kB
KernelStack:        3008 kB
PageTables:         6280 kB
NFS_Unstable:          0 kB
Bounce:                0 kB
WritebackTmp:          0 kB
CommitLimit:     3212076 kB
Committed_AS:    2389964 kB
VmallocTotal:     122880 kB
VmallocUsed:       13584 kB
VmallocChunk:     108152 kB
HardwareCorrupted:     0 kB
AnonHugePages:         0 kB
HugePages_Total:       0
HugePages_Free:        0
HugePages_Rsvd:        0
HugePages_Surp:        0
Hugepagesize:       2048 kB
DirectMap4k:        8184 kB
DirectMap2M:      905216 kB


CPU:total 2 (2 cores per cpu, 1 threads per core) family 16 model 6 stepping 3, cmov, cx8, fxsr, mmx, sse, sse2, sse3, popcnt, mmxext, 3dnowpref, lzcnt, tsc, tscinvbit, tscinv

/proc/cpuinfo:
processor	: 0
vendor_id	: AuthenticAMD
cpu family	: 16
model		: 6
model name	: AMD Athlon(tm) II P340 Dual-Core Processor
stepping	: 3
microcode	: 0x10000c8
cpu MHz		: 800.000
cache size	: 512 KB
physical id	: 0
siblings	: 2
core id		: 0
cpu cores	: 2
apicid		: 0
initial apicid	: 0
fdiv_bug	: no
hlt_bug		: no
f00f_bug	: no
coma_bug	: no
fpu		: yes
fpu_exception	: yes
cpuid level	: 5
wp		: yes
flags		: fpu vme de pse tsc msr pae mce cx8 apic sep mtrr pge mca cmov pat pse36 clflush mmx fxsr sse sse2 ht syscall nx mmxext fxsr_opt pdpe1gb rdtscp lm 3dnowext 3dnow constant_tsc nonstop_tsc extd_apicid pni monitor cx16 popcnt lahf_lm cmp_legacy svm extapic cr8_legacy abm sse4a 3dnowprefetch osvw ibs skinit wdt nodeid_msr hw_pstate npt lbrv svm_lock nrip_save
bogomips	: 4389.02
clflush size	: 64
cache_alignment	: 64
address sizes	: 48 bits physical, 48 bits virtual
power management: ts ttp tm stc 100mhzsteps hwpstate

processor	: 1
vendor_id	: AuthenticAMD
cpu family	: 16
model		: 6
model name	: AMD Athlon(tm) II P340 Dual-Core Processor
stepping	: 3
microcode	: 0x10000c8
cpu MHz		: 800.000
cache size	: 512 KB
physical id	: 0
siblings	: 2
core id		: 1
cpu cores	: 2
apicid		: 1
initial apicid	: 1
fdiv_bug	: no
hlt_bug		: no
f00f_bug	: no
coma_bug	: no
fpu		: yes
fpu_exception	: yes
cpuid level	: 5
wp		: yes
flags		: fpu vme de pse tsc msr pae mce cx8 apic sep mtrr pge mca cmov pat pse36 clflush mmx fxsr sse sse2 ht syscall nx mmxext fxsr_opt pdpe1gb rdtscp lm 3dnowext 3dnow constant_tsc nonstop_tsc extd_apicid pni monitor cx16 popcnt lahf_lm cmp_legacy svm extapic cr8_legacy abm sse4a 3dnowprefetch osvw ibs skinit wdt nodeid_msr hw_pstate npt lbrv svm_lock nrip_save
bogomips	: 4389.02
clflush size	: 64
cache_alignment	: 64
address sizes	: 48 bits physical, 48 bits virtual
power management: ts ttp tm stc 100mhzsteps hwpstate



Memory: 4k page, physical 2840160k(1145736k free), swap 1791996k(1791996k free)

vm_info: Java HotSpot(TM) Server VM (23.21-b01) for linux-x86 JRE (1.7.0_21-b11), built on Apr  4 2013 04:20:11 by "java_re" with gcc 4.3.0 20080428 (Red Hat 4.3.0-8)

time: Fri Jul  5 20:26:41 2013
elapsed time: 160 seconds

